<?xml version="1.0" encoding="UTF-8"?>
<testng-results skipped="0" failed="0" ignored="0" total="1" passed="1">
  <reporter-output>
  </reporter-output>
  <suite name="Default suite" duration-ms="73208" started-at="2018-02-26T06:34:23Z" finished-at="2018-02-26T06:35:37Z">
    <groups>
    </groups>
    <test name="Default test" duration-ms="73208" started-at="2018-02-26T06:34:23Z" finished-at="2018-02-26T06:35:37Z">
      <class name="NewTest">
        <test-method status="PASS" signature="beforeMethod()[pri:0, instance:NewTest@2f8f11]" name="beforeMethod" is-config="true" duration-ms="43667" started-at="2018-02-26T06:34:23Z" finished-at="2018-02-26T06:35:07Z">
          <reporter-output>
          </reporter-output>
        </test-method> <!-- beforeMethod -->
        <test-method status="PASS" signature="main()[pri:0, instance:NewTest@2f8f11]" name="main" duration-ms="26497" started-at="2018-02-26T06:35:07Z" finished-at="2018-02-26T06:35:34Z">
          <reporter-output>
          </reporter-output>
        </test-method> <!-- main -->
        <test-method status="PASS" signature="afterMethod()[pri:0, instance:NewTest@2f8f11]" name="afterMethod" is-config="true" duration-ms="2937" started-at="2018-02-26T06:35:34Z" finished-at="2018-02-26T06:35:37Z">
          <reporter-output>
          </reporter-output>
        </test-method> <!-- afterMethod -->
      </class> <!-- NewTest -->
    </test> <!-- Default test -->
  </suite> <!-- Default suite -->
</testng-results>
